ERROR:root:Internal Python error in the inspect module.
Below is the traceback from this internal error.

Traceback (most recent call last):
  File "/opt/software/occigen/tools/python/2.7.12/intel/17.0/nompi/bin/ipython", line 11, in <module>
    sys.exit(start_ipython())
  File "/opt/software/occigen/tools/python/2.7.12/intel/17.0/nompi/lib/python2.7/site-packages/IPython/__init__.py", line 119, in start_ipython
    return launch_new_instance(argv=argv, **kwargs)
  File "/opt/software/occigen/tools/python/2.7.12/intel/17.0/nompi/lib/python2.7/site-packages/traitlets/config/application.py", line 657, in launch_instance
    app.initialize(argv)
  File "<decorator-gen-109>", line 2, in initialize
  File "/opt/software/occigen/tools/python/2.7.12/intel/17.0/nompi/lib/python2.7/site-packages/traitlets/config/application.py", line 87, in catch_config_error
    return method(app, *args, **kwargs)
  File "/opt/software/occigen/tools/python/2.7.12/intel/17.0/nompi/lib/python2.7/site-packages/IPython/terminal/ipapp.py", line 315, in initialize
    self.init_code()
  File "/opt/software/occigen/tools/python/2.7.12/intel/17.0/nompi/lib/python2.7/site-packages/IPython/core/shellapp.py", line 273, in init_code
    self._run_cmd_line_code()
  File "/opt/software/occigen/tools/python/2.7.12/intel/17.0/nompi/lib/python2.7/site-packages/IPython/core/shellapp.py", line 396, in _run_cmd_line_code
    self.shell.showtraceback(tb_offset=4)
  File "/opt/software/occigen/tools/python/2.7.12/intel/17.0/nompi/lib/python2.7/site-packages/IPython/core/interactiveshell.py", line 1824, in showtraceback
    value, tb, tb_offset=tb_offset)
  File "/opt/software/occigen/tools/python/2.7.12/intel/17.0/nompi/lib/python2.7/site-packages/IPython/core/ultratb.py", line 1406, in structured_traceback
    self, etype, value, tb, tb_offset, number_of_lines_of_context)
  File "/opt/software/occigen/tools/python/2.7.12/intel/17.0/nompi/lib/python2.7/site-packages/IPython/core/ultratb.py", line 1314, in structured_traceback
    self, etype, value, tb, tb_offset, number_of_lines_of_context
  File "/opt/software/occigen/tools/python/2.7.12/intel/17.0/nompi/lib/python2.7/site-packages/IPython/core/ultratb.py", line 1198, in structured_traceback
    structured_traceback_parts += formatted_exception[0]
IndexError: string index out of range

If you suspect this is an IPython bug, please report it at:
    https://github.com/ipython/ipython/issues
or send an email to the mailing list at ipython-dev@scipy.org

You can print a more detailed traceback right now with "%tb", or use "%debug"
to interactively debug it.

Extra-detailed tracebacks for bug-reporting purposes can be enabled via:
    %config Application.verbose_crash=True

Error in atexit._run_exitfuncs:
Traceback (most recent call last):
  File "/opt/software/occigen/tools/python/2.7.12/intel/17.0/lib/python2.7/atexit.py", line 24, in _run_exitfuncs
    func(*targs, **kargs)
  File "/opt/software/occigen/tools/python/2.7.12/intel/17.0/nompi/lib/python2.7/site-packages/IPython/core/magics/script.py", line 262, in kill_bg_processes
    time.sleep(0.1)
KeyboardInterrupt
Error in sys.exitfunc:
]0;IPython: 19_12_13_planet_SW/PythonReading file...
Reading density...
Reading Ux...
Reading Uy...
Traceback (most recent call last):
  File "/opt/software/occigen/tools/python/2.7.12/intel/17.0/nompi/lib/python2.7/site-packages/IPython/core/ultratb.py", line 1132, in get_records
    return _fixed_getinnerframes(etb, number_of_lines_of_context, tb_offset)
  File "/opt/software/occigen/tools/python/2.7.12/intel/17.0/nompi/lib/python2.7/site-packages/IPython/core/ultratb.py", line 313, in wrapped
    return f(*args, **kwargs)
  File "/opt/software/occigen/tools/python/2.7.12/intel/17.0/nompi/lib/python2.7/site-packages/IPython/core/ultratb.py", line 358, in _fixed_getinnerframes
    records = fix_frame_records_filenames(inspect.getinnerframes(etb, context))
  File "/opt/software/occigen/tools/python/2.7.12/intel/17.0/lib/python2.7/inspect.py", line 1049, in getinnerframes
    framelist.append((tb.tb_frame,) + getframeinfo(tb, context))
  File "/opt/software/occigen/tools/python/2.7.12/intel/17.0/lib/python2.7/inspect.py", line 1009, in getframeinfo
    filename = getsourcefile(frame) or getfile(frame)
  File "/opt/software/occigen/tools/python/2.7.12/intel/17.0/lib/python2.7/inspect.py", line 454, in getsourcefile
    if hasattr(getmodule(object, filename), '__loader__'):
  File "/opt/software/occigen/tools/python/2.7.12/intel/17.0/lib/python2.7/inspect.py", line 500, in getmodule
    os.path.realpath(f)] = module.__name__
  File "/opt/software/occigen/tools/python/2.7.12/intel/17.0/lib/python2.7/posixpath.py", line 375, in realpath
    path, ok = _joinrealpath('', filename, {})
  File "/opt/software/occigen/tools/python/2.7.12/intel/17.0/lib/python2.7/posixpath.py", line 400, in _joinrealpath
    if not islink(newpath):
  File "/opt/software/occigen/tools/python/2.7.12/intel/17.0/lib/python2.7/posixpath.py", line 135, in islink
    st = os.lstat(path)
KeyboardInterrupt
Traceback (most recent call last):
  File "/opt/software/occigen/tools/python/2.7.12/intel/17.0/lib/python2.7/atexit.py", line 24, in _run_exitfuncs
    func(*targs, **kargs)
  File "/opt/software/occigen/tools/python/2.7.12/intel/17.0/nompi/lib/python2.7/site-packages/IPython/core/magics/script.py", line 262, in kill_bg_processes
    time.sleep(0.1)
KeyboardInterrupt
[TerminalIPythonApp] WARNING | File not found: u'plot_everything'
]0;IPython: 19_12_13_planet_SW/Python]0;IPython: 19_12_13_planet_SW/PythonReading file...
Reading density...
Reading Ux...
Reading Uy...
Reading Uz...
Reading T...
Close file and return...
Reading Bx...
Reading By...
Reading Bz...
Close file and return...
Calculate Pth
Calculate Pth
Calculate Pth
Calculate Pmag
Calculate Pmag
Calculate Pmag
Plot velocity color map...
V
../ncfiles/../Images/13_12_19Vtot_t=00000.png
('Figure saved as ', '../ncfiles/../Images/13_12_19Vtot_t=00000.png')
Plot density color map...
n
../ncfiles/../Images/13_12_19dens_t=00000.png
('Figure saved as ', '../ncfiles/../Images/13_12_19dens_t=00000.png')
Plot magnetic field color map...
B
../ncfiles/../Images/13_12_19Bfield_t=00000.png
('Figure saved as ', '../ncfiles/../Images/13_12_19Bfield_t=00000.png')
Beta
../ncfiles/../Images/13_12_19beta_t=00000.png
('Figure saved as ', '../ncfiles/../Images/13_12_19beta_t=00000.png')
Reading file...
Reading density...
Reading Ux...
Reading Uy...
Reading Uz...
Reading T...
Close file and return...
Reading Bx...
Reading By...
Reading Bz...
Close file and return...
Calculate Pth
Calculate Pth
Calculate Pth
Calculate Pmag
Calculate Pmag
Calculate Pmag
Plot velocity color map...
V
../ncfiles/../Images/13_12_19Vtot_t=00005.png
('Figure saved as ', '../ncfiles/../Images/13_12_19Vtot_t=00005.png')
Plot density color map...
n
../ncfiles/../Images/13_12_19dens_t=00005.png
('Figure saved as ', '../ncfiles/../Images/13_12_19dens_t=00005.png')
Plot magnetic field color map...
B
../ncfiles/../Images/13_12_19Bfield_t=00005.png
('Figure saved as ', '../ncfiles/../Images/13_12_19Bfield_t=00005.png')
Beta
../ncfiles/../Images/13_12_19beta_t=00005.png
('Figure saved as ', '../ncfiles/../Images/13_12_19beta_t=00005.png')
Reading file...
Reading density...
Reading Ux...
Reading Uy...
Reading Uz...
Reading T...
Close file and return...
Reading Bx...
Reading By...
Reading Bz...
Close file and return...
Calculate Pth
Calculate Pth
Calculate Pth
Calculate Pmag
Calculate Pmag
Calculate Pmag
Plot velocity color map...
V
../ncfiles/../Images/13_12_19Vtot_t=00010.png
('Figure saved as ', '../ncfiles/../Images/13_12_19Vtot_t=00010.png')
Plot density color map...
n
../ncfiles/../Images/13_12_19dens_t=00010.png
('Figure saved as ', '../ncfiles/../Images/13_12_19dens_t=00010.png')
Plot magnetic field color map...
B
../ncfiles/../Images/13_12_19Bfield_t=00010.png
('Figure saved as ', '../ncfiles/../Images/13_12_19Bfield_t=00010.png')
Beta
../ncfiles/../Images/13_12_19beta_t=00010.png
('Figure saved as ', '../ncfiles/../Images/13_12_19beta_t=00010.png')
Reading file...
Reading density...
Reading Ux...
Reading Uy...
Reading Uz...
Reading T...
Close file and return...
Reading Bx...
Reading By...
Reading Bz...
Close file and return...
Calculate Pth
Calculate Pth
Calculate Pth
Calculate Pmag
Calculate Pmag
Calculate Pmag
Plot velocity color map...
V
../ncfiles/../Images/13_12_19Vtot_t=00015.png
('Figure saved as ', '../ncfiles/../Images/13_12_19Vtot_t=00015.png')
Plot density color map...
n
../ncfiles/../Images/13_12_19dens_t=00015.png
('Figure saved as ', '../ncfiles/../Images/13_12_19dens_t=00015.png')
Plot magnetic field color map...
B
../ncfiles/../Images/13_12_19Bfield_t=00015.png
('Figure saved as ', '../ncfiles/../Images/13_12_19Bfield_t=00015.png')
Beta
../ncfiles/../Images/13_12_19beta_t=00015.png
('Figure saved as ', '../ncfiles/../Images/13_12_19beta_t=00015.png')
Reading file...
Reading density...
Reading Ux...
Reading Uy...
Reading Uz...
Reading T...
Close file and return...
Reading Bx...
Reading By...
Reading Bz...
Close file and return...
Calculate Pth
Calculate Pth
Calculate Pth
Calculate Pmag
Calculate Pmag
Calculate Pmag
Plot velocity color map...
V
../ncfiles/../Images/13_12_19Vtot_t=00020.png
('Figure saved as ', '../ncfiles/../Images/13_12_19Vtot_t=00020.png')
Plot density color map...
n
../ncfiles/../Images/13_12_19dens_t=00020.png
('Figure saved as ', '../ncfiles/../Images/13_12_19dens_t=00020.png')
Plot magnetic field color map...
B
../ncfiles/../Images/13_12_19Bfield_t=00020.png
('Figure saved as ', '../ncfiles/../Images/13_12_19Bfield_t=00020.png')
Beta
../ncfiles/../Images/13_12_19beta_t=00020.png
('Figure saved as ', '../ncfiles/../Images/13_12_19beta_t=00020.png')
Reading file...
Reading density...
Reading Ux...
Reading Uy...
Reading Uz...
Reading T...
Close file and return...
Reading Bx...
Reading By...
Reading Bz...
Close file and return...
Calculate Pth
Calculate Pth
Calculate Pth
Calculate Pmag
Calculate Pmag
Calculate Pmag
Plot velocity color map...
V
../ncfiles/../Images/13_12_19Vtot_t=00025.png
('Figure saved as ', '../ncfiles/../Images/13_12_19Vtot_t=00025.png')
Plot density color map...
n
../ncfiles/../Images/13_12_19dens_t=00025.png
('Figure saved as ', '../ncfiles/../Images/13_12_19dens_t=00025.png')
Plot magnetic field color map...
B
../ncfiles/../Images/13_12_19Bfield_t=00025.png
('Figure saved as ', '../ncfiles/../Images/13_12_19Bfield_t=00025.png')
Beta
../ncfiles/../Images/13_12_19beta_t=00025.png
('Figure saved as ', '../ncfiles/../Images/13_12_19beta_t=00025.png')
Reading file...
Reading density...
Reading Ux...
Reading Uy...
Reading Uz...
Reading T...
Close file and return...
Reading Bx...
Reading By...
Reading Bz...
Close file and return...
Calculate Pth
Calculate Pth
Calculate Pth
Calculate Pmag
Calculate Pmag
Calculate Pmag
Plot velocity color map...
V
../ncfiles/../Images/13_12_19Vtot_t=00030.png
('Figure saved as ', '../ncfiles/../Images/13_12_19Vtot_t=00030.png')
Plot density color map...
n
../ncfiles/../Images/13_12_19dens_t=00030.png
('Figure saved as ', '../ncfiles/../Images/13_12_19dens_t=00030.png')
Plot magnetic field color map...
B
../ncfiles/../Images/13_12_19Bfield_t=00030.png
('Figure saved as ', '../ncfiles/../Images/13_12_19Bfield_t=00030.png')
Beta
../ncfiles/../Images/13_12_19beta_t=00030.png
('Figure saved as ', '../ncfiles/../Images/13_12_19beta_t=00030.png')
Reading file...
[0;31m[0m
[0;31mIOError[0mTraceback (most recent call last)
[0;32m/scratch/cnt0025/lpp0276/cmoissard/19_12_13_planet_SW/Python/plot_everything.py[0m in [0;36m<module>[0;34m()[0m
[1;32m    104[0m             [0;31m# Also: x_plane = 2/3 : Planet near the exit face but not stuck to it[0m[0;34m[0m[0;34m[0m[0m
[1;32m    105[0m             [0;32mprint[0m[0;34m([0m[0;34m'Reading file...'[0m[0;34m)[0m[0;34m[0m[0m
[0;32m--> 106[0;31m             [0mreadNetcdfFile[0m[0;34m([0m[0mfilepath[0m[0;34m,[0m[0mfile_Hsw[0m[0;34m,[0m[0mHsw[0m[0;34m,[0m [0mx_plane[0m[0;34m=[0m[0;36m2[0m[0;34m/[0m[0;36m3[0m[0;34m)[0m[0;34m[0m[0m
[0m[1;32m    107[0m             [0mreadNetcdfFile[0m[0;34m([0m[0mfilepath[0m[0;34m,[0m[0mfile_mag[0m[0;34m,[0m[0mMagw[0m[0;34m,[0m [0mx_plane[0m[0;34m=[0m[0;36m2[0m[0;34m/[0m[0;36m3[0m[0;34m)[0m[0;34m[0m[0m
[1;32m    108[0m [0;34m[0m[0m

[0;32m/scratch/cnt0025/lpp0276/cmoissard/19_12_13_planet_SW/Python/read_netcdf.pyc[0m in [0;36mreadNetcdfFile[0;34m(filepath, filename, str_data, x_plane, y_plane, z_plane, plane_sup, plane_inf)[0m
[1;32m      7[0m                    plane_sup=0,plane_inf=0) :
[1;32m      8[0m [0;34m[0m[0m
[0;32m----> 9[0;31m     [0mf[0m [0;34m=[0m [0mnc[0m[0;34m.[0m[0mDataset[0m[0;34m([0m[0mfilepath[0m[0;34m+[0m[0mfilename[0m[0;34m,[0m[0;34m'r'[0m[0;34m)[0m[0;34m[0m[0m
[0m[1;32m     10[0m [0;34m[0m[0m
[1;32m     11[0m     [0mstr_data[0m[0;34m.[0m[0mc_omegapi[0m [0;34m=[0m [0mf[0m[0;34m.[0m[0mvariables[0m[0;34m[[0m[0;34m'phys_length'[0m[0;34m][0m[0;34m[[0m[0;34m:[0m[0;34m][0m[0;34m[0m[0m

[0;32mnetCDF4/_netCDF4.pyx[0m in [0;36mnetCDF4._netCDF4.Dataset.__init__ (netCDF4/_netCDF4.c:13983)[0;34m()[0m

[0;31mIOError[0m: No such file or directory
