This is pdfTeX, Version 3.141592-1.40.5 (Web2C 7.5.5) (format=latex 2011.1.13)  3 FEB 2012 17:11
entering extended mode
**qp_doc
(./qp_doc.tex
LaTeX2e <2005/12/01>
Babel <v3.8h> and hyphenation patterns for american, french, german, ngerman, b
ahasa, basque, bulgarian, catalan, croatian, czech, danish, dutch, esperanto, e
stonian, finnish, greek, icelandic, irish, italian, latin, magyar, norsk, polis
h, portuges, romanian, russian, serbian, slovak, slovene, spanish, swedish, tur
kish, ukrainian, nohyphenation, loaded.
(/usr/share/texmf/tex/latex/base/article.cls
Document Class: article 2005/09/16 v1.4f Standard LaTeX document class
(/usr/share/texmf/tex/latex/base/size10.clo
File: size10.clo 2005/09/16 v1.4f Standard LaTeX file (size option)
)
\c@part=\count79
\c@section=\count80
\c@subsection=\count81
\c@subsubsection=\count82
\c@paragraph=\count83
\c@subparagraph=\count84
\c@figure=\count85
\c@table=\count86
\abovecaptionskip=\skip41
\belowcaptionskip=\skip42
\bibindent=\dimen102
)
(/usr/share/texmf/tex/latex/graphics/graphicx.sty
Package: graphicx 1999/02/16 v1.0f Enhanced LaTeX Graphics (DPC,SPQR)

(/usr/share/texmf/tex/latex/graphics/keyval.sty
Package: keyval 1999/03/16 v1.13 key=value parser (DPC)
\KV@toks@=\toks14
)
(/usr/share/texmf/tex/latex/graphics/graphics.sty
Package: graphics 2006/02/20 v1.0o Standard LaTeX Graphics (DPC,SPQR)

(/usr/share/texmf/tex/latex/graphics/trig.sty
Package: trig 1999/03/16 v1.09 sin cos tan (DPC)
)
(/usr/share/texmf/tex/latex/graphics/graphics.cfg
File: graphics.cfg 2005/08/28 v1.4 graphics configuration of teTeX/TeXLive
)
Package graphics Info: Driver file: pdftex.def on input line 90.

(/usr/share/texmf/tex/latex/graphics/pdftex.def
File: pdftex.def 2007/12/04 v0.04i Graphics/color for pdfTeX
\Gread@gobject=\count87
))
\Gin@req@height=\dimen103
\Gin@req@width=\dimen104
) (./qp_doc.aux)
\openout1 = `qp_doc.aux'.

LaTeX Font Info:    Checking defaults for OML/cmm/m/it on input line 9.
LaTeX Font Info:    ... okay on input line 9.
LaTeX Font Info:    Checking defaults for T1/cmr/m/n on input line 9.
LaTeX Font Info:    ... okay on input line 9.
LaTeX Font Info:    Checking defaults for OT1/cmr/m/n on input line 9.
LaTeX Font Info:    ... okay on input line 9.
LaTeX Font Info:    Checking defaults for OMS/cmsy/m/n on input line 9.
LaTeX Font Info:    ... okay on input line 9.
LaTeX Font Info:    Checking defaults for OMX/cmex/m/n on input line 9.
LaTeX Font Info:    ... okay on input line 9.
LaTeX Font Info:    Checking defaults for U/cmr/m/n on input line 9.
LaTeX Font Info:    ... okay on input line 9.
LaTeX Font Info:    External font `cmex10' loaded for size
(Font)              <12> on input line 10.
LaTeX Font Info:    External font `cmex10' loaded for size
(Font)              <8> on input line 10.
LaTeX Font Info:    External font `cmex10' loaded for size
(Font)              <6> on input line 10.
LaTeX Font Info:    External font `cmex10' loaded for size
(Font)              <7> on input line 24.
LaTeX Font Info:    External font `cmex10' loaded for size
(Font)              <5> on input line 24.
 [1

{/usr/share/texmf-var/fonts/map/pdftex/updmap/pdftex.map}]
<hybrid_str.pdf, id=15, 796.9775pt x 597.23125pt>
File: hybrid_str.pdf Graphic file (type pdf)
 <use hybrid_str.pdf>
Underfull \hbox (badness 10000) in paragraph at lines 49--53

 []

[2 <./hybrid_str.pdf

pdfTeX warning: latex (file ./hybrid_str.pdf): PDF inclusion: Page Group detect
ed which pdfTeX can't handle. Ignoring it.
>]
Underfull \hbox (badness 10000) in paragraph at lines 55--56

 []


Underfull \hbox (badness 10000) in paragraph at lines 72--77

 []

[3]
Underfull \hbox (badness 10000) in paragraph at lines 80--81

 []

[4]
Underfull \hbox (badness 10000) in paragraph at lines 111--112

 []


Underfull \hbox (badness 10000) in paragraph at lines 113--119

 []

[5]
Underfull \hbox (badness 10000) in paragraph at lines 121--129

 []


Underfull \hbox (badness 10000) in paragraph at lines 131--148

 []


Overfull \hbox (1.74129pt too wide) in paragraph at lines 150--152
\OMS/cmsy/m/n/10 ^^O$ \OT1/cmss/m/n/10 species%viscosity\OT1/cmr/m/n/10 . Col-l
i-sion fre-quency of the ions in the iono-sphere (in cm$[]$.s$[]$). 
 []


Underfull \hbox (badness 10000) in paragraph at lines 150--152

 []


Underfull \hbox (badness 10000) in paragraph at lines 155--156

 []

[6]
Underfull \hbox (badness 10000) in paragraph at lines 159--167

 []


Underfull \hbox (badness 10000) in paragraph at lines 168--169

 []


Overfull \hbox (28.68942pt too wide) detected at line 180
[]
 []


Underfull \hbox (badness 10000) in paragraph at lines 180--181

 []

[7]
Underfull \hbox (badness 10000) in paragraph at lines 214--215

 []


Overfull \hbox (20.87828pt too wide) detected at line 225
[]
 []


Underfull \hbox (badness 10000) in paragraph at lines 225--227

 []

[8]
Overfull \hbox (60.70624pt too wide) in paragraph at lines 238--240
\OT1/cmr/m/n/10 rou-tine \OT1/cmss/m/n/10 charge[]exchange[]generic(nn,n2,picku
p,qsm,irand, ijk,s[]p,v[]p,w,Spe,particule,atmosphere)\OT1/cmr/m/n/10 ,
 []


Overfull \hbox (4.55057pt too wide) in paragraph at lines 238--240
\OT1/cmr/m/n/10 by as-so-ci-at-ing di-rectly the charge[]exchange pointer to th
e \OT1/cmss/m/n/10 charge[]exchange[]generic
 []


Underfull \hbox (badness 10000) in paragraph at lines 238--240

 []


Overfull \hbox (55.93425pt too wide) detected at line 252
[]
 []


Underfull \hbox (badness 10000) in paragraph at lines 252--254

 []

[9]
Overfull \hbox (24.75258pt too wide) in paragraph at lines 297--299
[]\OT1/cmr/m/n/10 The in-put plasma is a Alfven wave. Use with \OT1/cmss/m/n/10
 HAVE[]NO[]PLANET\OT1/cmr/m/n/10 . 
 []

[10] (./qp_doc.aux) ) 
Here is how much of TeX's memory you used:
 616 strings out of 94297
 7164 string characters out of 1163797
 57743 words of memory out of 1000000
 3918 multiletter control sequences out of 10000+50000
 9321 words of font info for 33 fonts, out of 500000 for 2000
 580 hyphenation exceptions out of 8191
 25i,8n,21p,756b,202s stack positions out of 3000i,1500n,5000p,200000b,15000s
</usr/share/texmf/fonts/type1/bluesky/cm/cmbx10.pfb></usr/
share/texmf/fonts/type1/bluesky/cm/cmbx12.pfb></usr/share/texmf/fonts/type1/blu
esky/cm/cmbx9.pfb></usr/share/texmf/fonts/type1/bluesky/cm/cmex10.pfb></usr/sha
re/texmf/fonts/type1/bluesky/cm/cmmi10.pfb></usr/share/texmf/fonts/type1/bluesk
y/cm/cmmi12.pfb></usr/share/texmf/fonts/type1/bluesky/cm/cmmi7.pfb></usr/share/
texmf/fonts/type1/bluesky/cm/cmr10.pfb></usr/share/texmf/fonts/type1/bluesky/cm
/cmr12.pfb></usr/share/texmf/fonts/type1/bluesky/cm/cmr17.pfb></usr/share/texmf
/fonts/type1/bluesky/cm/cmr7.pfb></usr/share/texmf/fonts/type1/bluesky/cm/cmr9.
pfb></usr/share/texmf/fonts/type1/bluesky/cm/cmss10.pfb></usr/share/texmf/fonts
/type1/bluesky/cm/cmsy10.pfb></usr/share/texmf/fonts/type1/bluesky/cm/cmsy5.pfb
></usr/share/texmf/fonts/type1/bluesky/cm/cmsy7.pfb></usr/share/texmf/fonts/typ
e1/bluesky/cm/cmti10.pfb></usr/share/texmf/fonts/type1/bluesky/cm/cmtt10.pfb>
Output written on qp_doc.pdf (10 pages, 191533 bytes).
PDF statistics:
 135 PDF objects out of 1000 (max. 8388607)
 0 named destinations out of 1000 (max. 131072)
 6 words of extra memory for PDF output out of 10000 (max. 10000000)

